887  [restartedMain] INFO  com.example.pr20.Pr20Application
                – Starting Pr20Application using Java 15.0.2 on DESKTOP-Q4C62NP with PID 732 (C:\Users\simba\Desktop\java-3-semester-master\pr20\target\classes started by simba in C:\Users\simba\Desktop\java-3-semester-master\pr20)
894  [restartedMain] INFO  com.example.pr20.Pr20Application
                – No active profile set, falling back to default profiles: default
940  [restartedMain] INFO  o.s.b.d.e.DevToolsPropertyDefaultsPostProcessor
                – Devtools property defaults active! Set 'spring.devtools.add-properties' to 'false' to disable
941  [restartedMain] INFO  o.s.b.d.e.DevToolsPropertyDefaultsPostProcessor
                – For additional web related logging consider setting the 'logging.level.web' property to 'DEBUG'
2068 [restartedMain] INFO  o.s.d.r.c.RepositoryConfigurationDelegate
                – Bootstrapping Spring Data JPA repositories in DEFAULT mode.
2182 [restartedMain] INFO  o.s.d.r.c.RepositoryConfigurationDelegate
                – Finished Spring Data repository scanning in 100 ms. Found 2 JPA repository interfaces.
3158 [restartedMain] INFO  o.s.b.w.e.tomcat.TomcatWebServer
                – Tomcat initialized with port(s): 8080 (http)
3160 [restartedMain] INFO  o.a.coyote.http11.Http11NioProtocol
                – Initializing ProtocolHandler ["http-nio-8080"]
3160 [restartedMain] INFO  o.a.catalina.core.StandardService
                – Starting service [Tomcat]
3160 [restartedMain] INFO  o.a.catalina.core.StandardEngine
                – Starting Servlet engine: [Apache Tomcat/9.0.43]
3226 [restartedMain] INFO  o.a.c.c.C.[Tomcat].[localhost].[/]
                – Initializing Spring embedded WebApplicationContext
3226 [restartedMain] INFO  o.s.b.w.s.c.ServletWebServerApplicationContext
                – Root WebApplicationContext: initialization completed in 2285 ms
3388 [restartedMain] INFO  o.h.jpa.internal.util.LogHelper
                – HHH000204: Processing PersistenceUnitInfo [name: default]
3423 [restartedMain] INFO  org.hibernate.Version
                – HHH000412: Hibernate ORM core version 5.4.28.Final
3505 [restartedMain] INFO  o.h.annotations.common.Version
                – HCANN000001: Hibernate Commons Annotations {5.1.2.Final}
3570 [restartedMain] INFO  com.zaxxer.hikari.HikariDataSource
                – HikariPool-1 - Starting...
3739 [restartedMain] INFO  com.zaxxer.hikari.HikariDataSource
                – HikariPool-1 - Start completed.
3765 [restartedMain] INFO  org.hibernate.dialect.Dialect
                – HHH000400: Using dialect: org.hibernate.dialect.PostgreSQL10Dialect
4725 [restartedMain] INFO  o.h.e.t.j.p.i.JtaPlatformInitiator
                – HHH000490: Using JtaPlatform implementation: [org.hibernate.engine.transaction.jta.platform.internal.NoJtaPlatform]
4729 [restartedMain] INFO  o.s.o.j.LocalContainerEntityManagerFactoryBean
                – Initialized JPA EntityManagerFactory for persistence unit 'default'
5446 [restartedMain] INFO  o.s.s.c.ThreadPoolTaskExecutor
                – Initializing ExecutorService 'applicationTaskExecutor'
5561 [restartedMain] INFO  o.s.b.a.w.s.WelcomePageHandlerMapping
                – Adding welcome page template: index
5824 [restartedMain] INFO  o.s.b.d.a.OptionalLiveReloadServer
                – LiveReload server is running on port 35729
5835 [restartedMain] INFO  o.a.coyote.http11.Http11NioProtocol
                – Starting ProtocolHandler ["http-nio-8080"]
5859 [restartedMain] INFO  o.s.b.w.e.tomcat.TomcatWebServer
                – Tomcat started on port(s): 8080 (http) with context path ''
5870 [restartedMain] INFO  com.example.pr20.Pr20Application
                – Started Pr20Application in 5.438 seconds (JVM running for 6.868)
11825 [http-nio-8080-exec-1] INFO  o.a.c.c.C.[Tomcat].[localhost].[/]
                – Initializing Spring DispatcherServlet 'dispatcherServlet'
11826 [http-nio-8080-exec-1] INFO  o.s.web.servlet.DispatcherServlet
                – Initializing Servlet 'dispatcherServlet'
11828 [http-nio-8080-exec-1] INFO  o.s.web.servlet.DispatcherServlet
                – Completed initialization in 1 ms
14114 [http-nio-8080-exec-3] INFO  c.e.pr20.services.StudentService
                – Find all srudents
14303 [http-nio-8080-exec-3] INFO  com.example.pr20.aspects.TimeAspect
                – List com.example.pr20.services.StudentService.getAll() worked for 203ms
153508 [http-nio-8080-exec-7] INFO  c.e.pr20.services.StudentService
                – Save student with id: 0
153581 [http-nio-8080-exec-7] INFO  com.example.pr20.aspects.TimeAspect
                – void com.example.pr20.services.StudentService.save(StudentDTO) worked for 156ms
153616 [http-nio-8080-exec-6] INFO  c.e.pr20.services.StudentService
                – Find all srudents
153622 [http-nio-8080-exec-6] INFO  com.example.pr20.aspects.TimeAspect
                – List com.example.pr20.services.StudentService.getAll() worked for 6ms
965843 [HikariPool-1 housekeeper] WARN  com.zaxxer.hikari.pool.HikariPool
                – HikariPool-1 - Thread starvation or clock leap detected (housekeeper delta=5m1s812ms982µs900ns).
554  [restartedMain] INFO  com.example.pr20.Pr20Application
                – Starting Pr20Application using Java 15.0.2 on DESKTOP-Q4C62NP with PID 27236 (C:\Users\simba\Desktop\java-3-semester-master\pr20\target\classes started by simba in C:\Users\simba\Desktop\java-3-semester-master\pr20)
554  [restartedMain] INFO  com.example.pr20.Pr20Application
                – No active profile set, falling back to default profiles: default
584  [restartedMain] INFO  o.s.b.d.e.DevToolsPropertyDefaultsPostProcessor
                – Devtools property defaults active! Set 'spring.devtools.add-properties' to 'false' to disable
584  [restartedMain] INFO  o.s.b.d.e.DevToolsPropertyDefaultsPostProcessor
                – For additional web related logging consider setting the 'logging.level.web' property to 'DEBUG'
1084 [restartedMain] INFO  o.s.d.r.c.RepositoryConfigurationDelegate
                – Bootstrapping Spring Data JPA repositories in DEFAULT mode.
1115 [restartedMain] INFO  o.s.d.r.c.RepositoryConfigurationDelegate
                – Finished Spring Data repository scanning in 33 ms. Found 2 JPA repository interfaces.
1553 [restartedMain] INFO  o.s.b.w.e.tomcat.TomcatWebServer
                – Tomcat initialized with port(s): 8080 (http)
1553 [restartedMain] INFO  o.a.coyote.http11.Http11NioProtocol
                – Initializing ProtocolHandler ["http-nio-8080"]
1553 [restartedMain] INFO  o.a.catalina.core.StandardService
                – Starting service [Tomcat]
1553 [restartedMain] INFO  o.a.catalina.core.StandardEngine
                – Starting Servlet engine: [Apache Tomcat/9.0.43]
1615 [restartedMain] INFO  o.a.c.c.C.[Tomcat].[localhost].[/]
                – Initializing Spring embedded WebApplicationContext
1615 [restartedMain] INFO  o.s.b.w.s.c.ServletWebServerApplicationContext
                – Root WebApplicationContext: initialization completed in 1026 ms
1740 [restartedMain] INFO  o.h.jpa.internal.util.LogHelper
                – HHH000204: Processing PersistenceUnitInfo [name: default]
1772 [restartedMain] INFO  org.hibernate.Version
                – HHH000412: Hibernate ORM core version 5.4.28.Final
1850 [restartedMain] INFO  o.h.annotations.common.Version
                – HCANN000001: Hibernate Commons Annotations {5.1.2.Final}
1912 [restartedMain] INFO  com.zaxxer.hikari.HikariDataSource
                – HikariPool-1 - Starting...
2037 [restartedMain] INFO  com.zaxxer.hikari.HikariDataSource
                – HikariPool-1 - Start completed.
2053 [restartedMain] INFO  org.hibernate.dialect.Dialect
                – HHH000400: Using dialect: org.hibernate.dialect.PostgreSQL10Dialect
2678 [restartedMain] INFO  o.h.e.t.j.p.i.JtaPlatformInitiator
                – HHH000490: Using JtaPlatform implementation: [org.hibernate.engine.transaction.jta.platform.internal.NoJtaPlatform]
2693 [restartedMain] INFO  o.s.o.j.LocalContainerEntityManagerFactoryBean
                – Initialized JPA EntityManagerFactory for persistence unit 'default'
3068 [restartedMain] INFO  o.s.s.c.ThreadPoolTaskExecutor
                – Initializing ExecutorService 'applicationTaskExecutor'
3115 [restartedMain] INFO  o.s.b.a.w.s.WelcomePageHandlerMapping
                – Adding welcome page template: index
3240 [restartedMain] INFO  o.s.b.d.a.OptionalLiveReloadServer
                – LiveReload server is running on port 35729
3240 [restartedMain] INFO  o.a.coyote.http11.Http11NioProtocol
                – Starting ProtocolHandler ["http-nio-8080"]
3271 [restartedMain] INFO  o.s.b.w.e.tomcat.TomcatWebServer
                – Tomcat started on port(s): 8080 (http) with context path ''
3271 [restartedMain] INFO  com.example.pr20.Pr20Application
                – Started Pr20Application in 3.001 seconds (JVM running for 3.849)
10045 [http-nio-8080-exec-1] INFO  o.a.c.c.C.[Tomcat].[localhost].[/]
                – Initializing Spring DispatcherServlet 'dispatcherServlet'
10046 [http-nio-8080-exec-1] INFO  o.s.web.servlet.DispatcherServlet
                – Initializing Servlet 'dispatcherServlet'
10047 [http-nio-8080-exec-1] INFO  o.s.web.servlet.DispatcherServlet
                – Completed initialization in 1 ms
11103 [http-nio-8080-exec-3] INFO  c.e.pr20.services.AuthorService
                – Find all authors
12605 [http-nio-8080-exec-2] INFO  c.e.pr20.services.AuthorService
                – Filter authors by bookName=, firstName=, middleName=, lastName=
17750 [http-nio-8080-exec-4] INFO  c.example.pr20.services.BookService
                – Find all books
412958 [http-nio-8080-exec-8] INFO  c.example.pr20.services.BookService
                – Find all books
414669 [http-nio-8080-exec-9] INFO  c.example.pr20.services.BookService
                – Find all books
419134 [http-nio-8080-exec-10] INFO  c.e.pr20.services.AuthorService
                – Find all authors
420184 [http-nio-8080-exec-1] INFO  c.e.pr20.services.AuthorService
                – Filter authors by bookName=, firstName=, middleName=, lastName=
625  [restartedMain] INFO  com.example.pr20.Pr20Application
                – Starting Pr20Application using Java 15.0.2 on DESKTOP-Q4C62NP with PID 104032 (C:\Users\simba\Desktop\java-3-semester-master\pr20\target\classes started by simba in C:\Users\simba\Desktop\java-3-semester-master\pr20)
627  [restartedMain] INFO  com.example.pr20.Pr20Application
                – No active profile set, falling back to default profiles: default
668  [restartedMain] INFO  o.s.b.d.e.DevToolsPropertyDefaultsPostProcessor
                – Devtools property defaults active! Set 'spring.devtools.add-properties' to 'false' to disable
669  [restartedMain] INFO  o.s.b.d.e.DevToolsPropertyDefaultsPostProcessor
                – For additional web related logging consider setting the 'logging.level.web' property to 'DEBUG'
1178 [restartedMain] INFO  o.s.d.r.c.RepositoryConfigurationDelegate
                – Bootstrapping Spring Data JPA repositories in DEFAULT mode.
1221 [restartedMain] INFO  o.s.d.r.c.RepositoryConfigurationDelegate
                – Finished Spring Data repository scanning in 36 ms. Found 2 JPA repository interfaces.
1683 [restartedMain] INFO  o.s.b.w.e.tomcat.TomcatWebServer
                – Tomcat initialized with port(s): 8080 (http)
1689 [restartedMain] INFO  o.a.coyote.http11.Http11NioProtocol
                – Initializing ProtocolHandler ["http-nio-8080"]
1689 [restartedMain] INFO  o.a.catalina.core.StandardService
                – Starting service [Tomcat]
1689 [restartedMain] INFO  o.a.catalina.core.StandardEngine
                – Starting Servlet engine: [Apache Tomcat/9.0.43]
1767 [restartedMain] INFO  o.a.c.c.C.[Tomcat].[localhost].[/]
                – Initializing Spring embedded WebApplicationContext
1767 [restartedMain] INFO  o.s.b.w.s.c.ServletWebServerApplicationContext
                – Root WebApplicationContext: initialization completed in 1098 ms
1890 [restartedMain] INFO  o.h.jpa.internal.util.LogHelper
                – HHH000204: Processing PersistenceUnitInfo [name: default]
1921 [restartedMain] INFO  org.hibernate.Version
                – HHH000412: Hibernate ORM core version 5.4.28.Final
2003 [restartedMain] INFO  o.h.annotations.common.Version
                – HCANN000001: Hibernate Commons Annotations {5.1.2.Final}
2070 [restartedMain] INFO  com.zaxxer.hikari.HikariDataSource
                – HikariPool-1 - Starting...
2193 [restartedMain] INFO  com.zaxxer.hikari.HikariDataSource
                – HikariPool-1 - Start completed.
2208 [restartedMain] INFO  org.hibernate.dialect.Dialect
                – HHH000400: Using dialect: org.hibernate.dialect.PostgreSQL10Dialect
2870 [restartedMain] INFO  o.h.e.t.j.p.i.JtaPlatformInitiator
                – HHH000490: Using JtaPlatform implementation: [org.hibernate.engine.transaction.jta.platform.internal.NoJtaPlatform]
2876 [restartedMain] INFO  o.s.o.j.LocalContainerEntityManagerFactoryBean
                – Initialized JPA EntityManagerFactory for persistence unit 'default'
3267 [restartedMain] INFO  o.s.s.c.ThreadPoolTaskExecutor
                – Initializing ExecutorService 'applicationTaskExecutor'
3322 [restartedMain] INFO  o.s.b.a.w.s.WelcomePageHandlerMapping
                – Adding welcome page template: index
3450 [restartedMain] INFO  o.s.b.d.a.OptionalLiveReloadServer
                – LiveReload server is running on port 35729
3462 [restartedMain] INFO  o.a.coyote.http11.Http11NioProtocol
                – Starting ProtocolHandler ["http-nio-8080"]
3478 [restartedMain] INFO  o.s.b.w.e.tomcat.TomcatWebServer
                – Tomcat started on port(s): 8080 (http) with context path ''
3487 [restartedMain] INFO  com.example.pr20.Pr20Application
                – Started Pr20Application in 3.191 seconds (JVM running for 3.924)
10457 [http-nio-8080-exec-1] INFO  o.a.c.c.C.[Tomcat].[localhost].[/]
                – Initializing Spring DispatcherServlet 'dispatcherServlet'
10457 [http-nio-8080-exec-1] INFO  o.s.web.servlet.DispatcherServlet
                – Initializing Servlet 'dispatcherServlet'
10459 [http-nio-8080-exec-1] INFO  o.s.web.servlet.DispatcherServlet
                – Completed initialization in 2 ms
559  [restartedMain] INFO  com.example.pr20.Pr20Application
                – Starting Pr20Application using Java 15.0.2 on DESKTOP-Q4C62NP with PID 163328 (C:\Users\simba\Desktop\java-3-semester-master\pr20\target\classes started by simba in C:\Users\simba\Desktop\java-3-semester-master\pr20)
559  [restartedMain] INFO  com.example.pr20.Pr20Application
                – No active profile set, falling back to default profiles: default
592  [restartedMain] INFO  o.s.b.d.e.DevToolsPropertyDefaultsPostProcessor
                – Devtools property defaults active! Set 'spring.devtools.add-properties' to 'false' to disable
592  [restartedMain] INFO  o.s.b.d.e.DevToolsPropertyDefaultsPostProcessor
                – For additional web related logging consider setting the 'logging.level.web' property to 'DEBUG'
1044 [restartedMain] INFO  o.s.d.r.c.RepositoryConfigurationDelegate
                – Bootstrapping Spring Data JPA repositories in DEFAULT mode.
1091 [restartedMain] INFO  o.s.d.r.c.RepositoryConfigurationDelegate
                – Finished Spring Data repository scanning in 39 ms. Found 2 JPA repository interfaces.
1529 [restartedMain] INFO  o.s.b.w.e.tomcat.TomcatWebServer
                – Tomcat initialized with port(s): 8080 (http)
1529 [restartedMain] INFO  o.a.coyote.http11.Http11NioProtocol
                – Initializing ProtocolHandler ["http-nio-8080"]
1529 [restartedMain] INFO  o.a.catalina.core.StandardService
                – Starting service [Tomcat]
1529 [restartedMain] INFO  o.a.catalina.core.StandardEngine
                – Starting Servlet engine: [Apache Tomcat/9.0.43]
1591 [restartedMain] INFO  o.a.c.c.C.[Tomcat].[localhost].[/]
                – Initializing Spring embedded WebApplicationContext
1591 [restartedMain] INFO  o.s.b.w.s.c.ServletWebServerApplicationContext
                – Root WebApplicationContext: initialization completed in 999 ms
1716 [restartedMain] INFO  o.h.jpa.internal.util.LogHelper
                – HHH000204: Processing PersistenceUnitInfo [name: default]
1732 [restartedMain] INFO  org.hibernate.Version
                – HHH000412: Hibernate ORM core version 5.4.28.Final
1810 [restartedMain] INFO  o.h.annotations.common.Version
                – HCANN000001: Hibernate Commons Annotations {5.1.2.Final}
1872 [restartedMain] INFO  com.zaxxer.hikari.HikariDataSource
                – HikariPool-1 - Starting...
1997 [restartedMain] INFO  com.zaxxer.hikari.HikariDataSource
                – HikariPool-1 - Start completed.
2013 [restartedMain] INFO  org.hibernate.dialect.Dialect
                – HHH000400: Using dialect: org.hibernate.dialect.PostgreSQL10Dialect
2669 [restartedMain] INFO  o.h.e.t.j.p.i.JtaPlatformInitiator
                – HHH000490: Using JtaPlatform implementation: [org.hibernate.engine.transaction.jta.platform.internal.NoJtaPlatform]
2685 [restartedMain] INFO  o.s.o.j.LocalContainerEntityManagerFactoryBean
                – Initialized JPA EntityManagerFactory for persistence unit 'default'
3051 [restartedMain] INFO  o.s.s.c.ThreadPoolTaskExecutor
                – Initializing ExecutorService 'applicationTaskExecutor'
3104 [restartedMain] INFO  o.s.b.a.w.s.WelcomePageHandlerMapping
                – Adding welcome page template: index
3239 [restartedMain] INFO  o.s.b.d.a.OptionalLiveReloadServer
                – LiveReload server is running on port 35729
3253 [restartedMain] INFO  o.a.coyote.http11.Http11NioProtocol
                – Starting ProtocolHandler ["http-nio-8080"]
3274 [restartedMain] INFO  o.s.b.w.e.tomcat.TomcatWebServer
                – Tomcat started on port(s): 8080 (http) with context path ''
3283 [restartedMain] INFO  com.example.pr20.Pr20Application
                – Started Pr20Application in 2.994 seconds (JVM running for 3.793)
4259 [http-nio-8080-exec-1] INFO  o.a.c.c.C.[Tomcat].[localhost].[/]
                – Initializing Spring DispatcherServlet 'dispatcherServlet'
4260 [http-nio-8080-exec-1] INFO  o.s.web.servlet.DispatcherServlet
                – Initializing Servlet 'dispatcherServlet'
4260 [http-nio-8080-exec-1] INFO  o.s.web.servlet.DispatcherServlet
                – Completed initialization in 0 ms
11559 [http-nio-8080-exec-4] INFO  c.e.pr20.services.AuthorService
                – Find all authors
12694 [http-nio-8080-exec-3] INFO  c.e.pr20.services.AuthorService
                – Filter authors by bookName=, firstName=, middleName=, lastName=
15293 [http-nio-8080-exec-7] INFO  c.example.pr20.services.BookService
                – Find all books
